** Warning in:FFAddExcludedArea.txt ==> Include Example file was not found; skipping it:FFAddExcludedArea.au3
** Warning in:FFColorCount.txt ==> Include Example file was not found; skipping it:FFColorCount.au3
** Warning in:FFDrawSnapShot.txt ==> Include Example file was not found; skipping it:FFDrawSnapShot.au3
** Warning in:FFDuplicateSnapShot.txt ==> Include Example file was not found; skipping it:FFDuplicateSnapShot.au3
** Warning in:FFGetLastError.txt ==> Include Example file was not found; skipping it:FFGetLastError.au3
** Warning in:FFGetLastFileName.txt ==> Include Example file was not found; skipping it:FFGetLastFileName.au3
** Warning in:FFGetPixel.txt ==> Include Example file was not found; skipping it:FFGetPixel.au3
** Warning in:FFGetVersion.txt ==> Include Example file was not found; skipping it:FFGetVersion.au3
** Warning in:FFIsDifferent.txt ==> Include Example file was not found; skipping it:FFIsDifferent.au3
** Warning in:FFIsExcluded.txt ==> Include Example file was not found; skipping it:FFIsExcluded.au3
** Warning in:FFKeepChanges.txt ==> Include Example file was not found; skipping it:FFKeepChanges.au3
** Warning in:FFKeepColor.txt ==> Include Example file was not found; skipping it:FFKeepColor.au3
** Warning in:FFLocalizeChanges.txt ==> Include Example file was not found; skipping it:FFLocalizeChanges.au3
** Warning in:FFRemoveColor.txt ==> Include Example file was not found; skipping it:FFRemoveColor.au3
** Warning in:FFResetColors.txt ==> Include Example file was not found; skipping it:FFResetColors.au3
** Warning in:FFResetExcludedAreas.txt ==> Include Example file was not found; skipping it:FFResetExcludedAreas.au3
** Warning in:FFSaveBMP.txt ==> Include Example file was not found; skipping it:FFSaveBMP.au3
** Warning in:FFSaveJPG.txt ==> Include Example file was not found; skipping it:FFSaveJPG.au3
** Warning in:FFSetDefaultSnapShot.txt ==> Include Example file was not found; skipping it:FFSetDefaultSnapShot.au3
** Warning in:FFSetPixel.txt ==> Include Example file was not found; skipping it:FFSetPixel.au3
** Warning in:FFSetWnd.txt ==> Include Example file was not found; skipping it:FFSetWnd.au3
** Warning in:FFTrace.txt ==> Include Example file was not found; skipping it:FFTrace.au3
** Warning in:FFTraceError.txt ==> Include Example file was not found; skipping it:FFTraceError.au3
